<?xml version="1.0" encoding="UTF-8"?>
<testng-results ignored="0" total="2" passed="2" failed="0" skipped="0">
  <reporter-output>
  </reporter-output>
  <suite started-at="2022-10-19T10:41:18 IST" name="Suite" finished-at="2022-10-19T10:41:59 IST" duration-ms="40916">
    <groups>
    </groups>
    <test started-at="2022-10-19T10:41:18 IST" name="Test" finished-at="2022-10-19T10:41:59 IST" duration-ms="40916">
      <class name="testcases.VerifyExtractedData">
        <test-method is-config="true" signature="setUp()[pri:0, instance:testcases.VerifyExtractedData@21e360a]" started-at="2022-10-19T10:41:18 IST" name="setUp" finished-at="2022-10-19T10:41:25 IST" duration-ms="7233" status="PASS">
          <reporter-output>
          </reporter-output>
        </test-method> <!-- setUp -->
        <test-method signature="verifyCountry()[pri:0, instance:testcases.VerifyExtractedData@21e360a]" started-at="2022-10-19T10:41:25 IST" name="verifyCountry" finished-at="2022-10-19T10:41:46 IST" duration-ms="20936" status="PASS">
          <reporter-output>
          </reporter-output>
        </test-method> <!-- verifyCountry -->
        <test-method signature="verifyRelease()[pri:0, instance:testcases.VerifyExtractedData@21e360a]" started-at="2022-10-19T10:41:46 IST" name="verifyRelease" finished-at="2022-10-19T10:41:58 IST" duration-ms="12235" status="PASS">
          <reporter-output>
          </reporter-output>
        </test-method> <!-- verifyRelease -->
        <test-method is-config="true" signature="tearDown()[pri:0, instance:testcases.VerifyExtractedData@21e360a]" started-at="2022-10-19T10:41:58 IST" name="tearDown" finished-at="2022-10-19T10:41:59 IST" duration-ms="478" status="PASS">
          <reporter-output>
          </reporter-output>
        </test-method> <!-- tearDown -->
      </class> <!-- testcases.VerifyExtractedData -->
    </test> <!-- Test -->
  </suite> <!-- Suite -->
</testng-results>
