<?xml version="1.0" encoding="UTF-8"?>
<!-- Generated by org.testng.reporters.JUnitXMLReporter -->
<testsuite ignored="1" hostname="LAPTOP-H4LRF88C" failures="0" tests="1" name="Default test" time="25.998" errors="0" timestamp="2022-10-19T10:38:01 IST">
  <testcase classname="testcases.VerifyExtractedData" name="verifyRelease" time="18.634"/>
  <testcase classname="testcases.VerifyExtractedData" name="verifyCountry" time="0.0">
    <ignored/>
  </testcase> <!-- verifyCountry -->
</testsuite> <!-- Default test -->
